<?xml version="1.0" encoding="UTF-8"?>
<testsuite name="RulesEngineTest" tests="4" skipped="0" failures="0" errors="0" timestamp="2020-04-13T12:02:45" hostname="Prashants-MacBook-Pro.local" time="0.01">
  <properties/>
  <testcase name="BothHaveTwoCoinsIfBothCooperate" classname="RulesEngineTest" time="0.009"/>
  <testcase name="FirstCheatsAndSecondCooperates" classname="RulesEngineTest" time="0.0"/>
  <testcase name="BothHaveOneCoinIfBothCheat" classname="RulesEngineTest" time="0.0"/>
  <testcase name="SecondCheatsAndFirstCooperates" classname="RulesEngineTest" time="0.0"/>
  <system-out><![CDATA[]]></system-out>
  <system-err><![CDATA[]]></system-err>
</testsuite>
